[ 2016-02-02T17:48:51+08:00 ] ::1 /zcr/deep_cms/2/
INFO: [ app_init ] --START--
INFO: Run Behavior\BuildLiteBehavior [ RunTime:0.000038s ]
INFO: [ app_init ] --END-- [ RunTime:0.008939s ]
INFO: [ app_begin ] --START--
INFO: Run Behavior\ReadHtmlCacheBehavior [ RunTime:0.014152s ]
INFO: [ app_begin ] --END-- [ RunTime:0.014309s ]
SQL: SHOW COLUMNS FROM `de_option` [ RunTime:0.0434s ]
SQL: SELECT * FROM `de_option` WHERE `option_key` = 'deep_name' LIMIT 1   [ RunTime:0.0004s ]
SQL: SELECT * FROM `de_option` WHERE `option_key` = 'deep_phone' LIMIT 1   [ RunTime:0.0003s ]
SQL: SELECT * FROM `de_option` WHERE `option_key` = 'deep_fax' LIMIT 1   [ RunTime:0.0004s ]
SQL: SELECT * FROM `de_option` WHERE `option_key` = 'deep_email' LIMIT 1   [ RunTime:0.0003s ]
SQL: SELECT * FROM `de_option` WHERE `option_key` = 'deep_address' LIMIT 1   [ RunTime:0.0003s ]
SQL: SELECT * FROM `de_option` WHERE `option_key` = 'deep_title' LIMIT 1   [ RunTime:0.0003s ]
SQL: SELECT * FROM `de_option` WHERE `option_key` = 'deep_keyword' LIMIT 1   [ RunTime:0.0003s ]
SQL: SELECT * FROM `de_option` WHERE `option_key` = 'deep_seo' LIMIT 1   [ RunTime:0.0003s ]
SQL: SELECT * FROM `de_option` WHERE `option_key` = 'deep_logo' LIMIT 1   [ RunTime:0.0007s ]
SQL: SHOW COLUMNS FROM `de_category` [ RunTime:0.0412s ]
SQL: SELECT * FROM `de_category` WHERE ( if_show = 1 )  [ RunTime:0.0005s ]
SQL: SHOW COLUMNS FROM `de_column` [ RunTime:0.0585s ]
SQL: SELECT * FROM `de_column` WHERE ( if_show = 1 )  [ RunTime:0.0005s ]
INFO: [ view_parse ] --START--
INFO: [ template_filter ] --START--
INFO: Run Behavior\ContentReplaceBehavior [ RunTime:0.000207s ]
INFO: [ template_filter ] --END-- [ RunTime:0.000416s ]
INFO: Run Behavior\ParseTemplateBehavior [ RunTime:0.160096s ]
INFO: [ view_parse ] --END-- [ RunTime:0.160303s ]
INFO: [ view_filter ] --START--
INFO: Run Behavior\WriteHtmlCacheBehavior [ RunTime:0.007128s ]
INFO: [ view_filter ] --END-- [ RunTime:0.007492s ]
INFO: [ app_end ] --START--
INFO: Run Behavior\ShowPageTraceBehavior [ RunTime:0.009695s ]
INFO: [ app_end ] --END-- [ RunTime:0.009867s ]

